static std::string *octants[41];
[  0/ 57][  0/ 41]=30604241506040426 lat=50.810394287109375 lon=4.22149658203125 fy=-0.054927 fx=-0.159052 f=0.168269
[  1/ 57][  0/ 41]=30604241506040427 lat=50.810394287109375 lon=4.22698974609375 fy=-0.054927 fx=-0.153559 f=0.163087
[  2/ 57][  0/ 41]=30604241506040436 lat=50.810394287109375 lon=4.23248291015625 fy=-0.054927 fx=-0.148066 f=0.157926
[  3/ 57][  0/ 41]=30604241506040437 lat=50.810394287109375 lon=4.23797607421875 fy=-0.054927 fx=-0.142573 f=0.152787
[  4/ 57][  0/ 41]=30604241506040526 lat=50.810394287109375 lon=4.24346923828125 fy=-0.054927 fx=-0.13708 f=0.147675
[  5/ 57][  0/ 41]=30604241506040527 lat=50.810394287109375 lon=4.24896240234375 fy=-0.054927 fx=-0.131587 f= 0.14259
[  6/ 57][  0/ 41]=30604241506040536 lat=50.810394287109375 lon=4.25445556640625 fy=-0.054927 fx=-0.126093 f=0.137537
[  7/ 57][  0/ 41]=30604241506040537 lat=50.810394287109375 lon=4.25994873046875 fy=-0.054927 fx= -0.1206 f=0.132519
[  8/ 57][  0/ 41]=30604241506041426 lat=50.810394287109375 lon=4.26544189453125 fy=-0.054927 fx=-0.115107 f=0.127541
[  9/ 57][  0/ 41]=30604241506041427 lat=50.810394287109375 lon=4.27093505859375 fy=-0.054927 fx=-0.109614 f=0.122606
[ 10/ 57][  0/ 41]=30604241506041436 lat=50.810394287109375 lon=4.27642822265625 fy=-0.054927 fx=-0.104121 f= 0.11772
[ 11/ 57][  0/ 41]=30604241506041437 lat=50.810394287109375 lon=4.28192138671875 fy=-0.054927 fx=-0.098628 f=0.112891
[ 12/ 57][  0/ 41]=30604241506041526 lat=50.810394287109375 lon=4.28741455078125 fy=-0.054927 fx=-0.093134 f=0.108125
[ 13/ 57][  0/ 41]=30604241506041527 lat=50.810394287109375 lon=4.29290771484375 fy=-0.054927 fx=-0.087641 f=0.103431
[ 14/ 57][  0/ 41]=30604241506041536 lat=50.810394287109375 lon=4.29840087890625 fy=-0.054927 fx=-0.082148 f=0.098819
[ 15/ 57][  0/ 41]=30604241506041537 lat=50.810394287109375 lon=4.30389404296875 fy=-0.054927 fx=-0.076655 f=0.094302
[ 16/ 57][  0/ 41]=30604241506050426 lat=50.810394287109375 lon=4.30938720703125 fy=-0.054927 fx=-0.071162 f=0.089894
[ 17/ 57][  0/ 41]=30604241506050427 lat=50.810394287109375 lon=4.31488037109375 fy=-0.054927 fx=-0.065669 f=0.085611
[ 18/ 57][  0/ 41]=30604241506050436 lat=50.810394287109375 lon=4.32037353515625 fy=-0.054927 fx=-0.060175 f=0.081474
[ 19/ 57][  0/ 41]=30604241506050437 lat=50.810394287109375 lon=4.32586669921875 fy=-0.054927 fx=-0.054682 f=0.077505
[ 20/ 57][  0/ 41]=30604241506050526 lat=50.810394287109375 lon=4.33135986328125 fy=-0.054927 fx=-0.049189 f=0.073733
[ 21/ 57][  0/ 41]=30604241506050527 lat=50.810394287109375 lon=4.33685302734375 fy=-0.054927 fx=-0.043696 f=0.070187
[ 22/ 57][  0/ 41]=30604241506050536 lat=50.810394287109375 lon=4.34234619140625 fy=-0.054927 fx=-0.038203 f=0.066906
[ 23/ 57][  0/ 41]=30604241506050537 lat=50.810394287109375 lon=4.34783935546875 fy=-0.054927 fx=-0.03271 f=0.063929
[ 24/ 57][  0/ 41]=30604241506051426 lat=50.810394287109375 lon=4.35333251953125 fy=-0.054927 fx=-0.027216 f=  0.0613
[ 25/ 57][  0/ 41]=30604241506051427 lat=50.810394287109375 lon=4.35882568359375 fy=-0.054927 fx=-0.021723 f=0.059066
[ 26/ 57][  0/ 41]=30604241506051436 lat=50.810394287109375 lon=4.36431884765625 fy=-0.054927 fx=-0.01623 f=0.057274
[ 27/ 57][  0/ 41]=30604241506051437 lat=50.810394287109375 lon=4.36981201171875 fy=-0.054927 fx=-0.010737 f=0.055966
[ 28/ 57][  0/ 41]=30604241506051526 lat=50.810394287109375 lon=4.37530517578125 fy=-0.054927 fx=-0.005244 f=0.055176
[ 29/ 57][  0/ 41]=30604241506051527 lat=50.810394287109375 lon=4.38079833984375 fy=-0.054927 fx=0.000249 f=0.054927
[ 30/ 57][  0/ 41]=30604241506051536 lat=50.810394287109375 lon=4.38629150390625 fy=-0.054927 fx=0.005743 f=0.055226
[ 31/ 57][  0/ 41]=30604241506051537 lat=50.810394287109375 lon=4.39178466796875 fy=-0.054927 fx=0.011236 f=0.056064
[ 32/ 57][  0/ 41]=30604241506140426 lat=50.810394287109375 lon=4.39727783203125 fy=-0.054927 fx=0.016729 f=0.057418
[ 33/ 57][  0/ 41]=30604241506140427 lat=50.810394287109375 lon=4.40277099609375 fy=-0.054927 fx=0.022222 f=0.059252
[ 34/ 57][  0/ 41]=30604241506140436 lat=50.810394287109375 lon=4.40826416015625 fy=-0.054927 fx=0.027715 f=0.061523
[ 35/ 57][  0/ 41]=30604241506140437 lat=50.810394287109375 lon=4.41375732421875 fy=-0.054927 fx=0.033208 f=0.064185
[ 36/ 57][  0/ 41]=30604241506140526 lat=50.810394287109375 lon=4.41925048828125 fy=-0.054927 fx=0.038701 f=0.067192
[ 37/ 57][  0/ 41]=30604241506140527 lat=50.810394287109375 lon=4.42474365234375 fy=-0.054927 fx=0.044195 f=0.070499
[ 38/ 57][  0/ 41]=30604241506140536 lat=50.810394287109375 lon=4.43023681640625 fy=-0.054927 fx=0.049688 f=0.074066
[ 39/ 57][  0/ 41]=30604241506140537 lat=50.810394287109375 lon=4.43572998046875 fy=-0.054927 fx=0.055181 f=0.077858
[ 40/ 57][  0/ 41]=30604241506141426 lat=50.810394287109375 lon=4.44122314453125 fy=-0.054927 fx=0.060674 f=0.081843
[ 41/ 57][  0/ 41]=30604241506141427 lat=50.810394287109375 lon=4.44671630859375 fy=-0.054927 fx=0.066167 f=0.085995
[ 42/ 57][  0/ 41]=30604241506141436 lat=50.810394287109375 lon=4.45220947265625 fy=-0.054927 fx= 0.07166 f=0.090289
[ 43/ 57][  0/ 41]=30604241506141437 lat=50.810394287109375 lon=4.45770263671875 fy=-0.054927 fx=0.077154 f=0.094708
[ 44/ 57][  0/ 41]=30604241506141526 lat=50.810394287109375 lon=4.46319580078125 fy=-0.054927 fx=0.082647 f=0.099234
[ 45/ 57][  0/ 41]=30604241506141527 lat=50.810394287109375 lon=4.46868896484375 fy=-0.054927 fx= 0.08814 f=0.103854
[ 46/ 57][  0/ 41]=30604241506141536 lat=50.810394287109375 lon=4.47418212890625 fy=-0.054927 fx=0.093633 f=0.108555
[ 47/ 57][  0/ 41]=30604241506141537 lat=50.810394287109375 lon=4.47967529296875 fy=-0.054927 fx=0.099126 f=0.113327
[ 48/ 57][  0/ 41]=30604241506150426 lat=50.810394287109375 lon=4.48516845703125 fy=-0.054927 fx=0.104619 f=0.118162
[ 49/ 57][  0/ 41]=30604241506150427 lat=50.810394287109375 lon=4.49066162109375 fy=-0.054927 fx=0.110113 f=0.123052
[ 50/ 57][  0/ 41]=30604241506150436 lat=50.810394287109375 lon=4.49615478515625 fy=-0.054927 fx=0.115606 f=0.127991
[ 51/ 57][  0/ 41]=30604241506150437 lat=50.810394287109375 lon=4.50164794921875 fy=-0.054927 fx=0.121099 f=0.132973
[ 52/ 57][  0/ 41]=30604241506150526 lat=50.810394287109375 lon=4.50714111328125 fy=-0.054927 fx=0.126592 f=0.137995
[ 53/ 57][  0/ 41]=30604241506150527 lat=50.810394287109375 lon=4.51263427734375 fy=-0.054927 fx=0.132085 f=0.143051
[ 54/ 57][  0/ 41]=30604241506150536 lat=50.810394287109375 lon=4.51812744140625 fy=-0.054927 fx=0.137578 f=0.148138
[ 55/ 57][  0/ 41]=30604241506150537 lat=50.810394287109375 lon=4.52362060546875 fy=-0.054927 fx=0.143072 f=0.153253
