1011*AB*4.9057*52.3778*Amsterdam (Noord-Holland) (4.9057,52.3778)
1011*AC*4.9082*52.3774*Amsterdam (Noord-Holland) (4.9082,52.3774)
1011*AD*4.9047*52.3768*Amsterdam (Noord-Holland) (4.9047,52.3768)
1011*AE*4.9091*52.3762*Amsterdam (Noord-Holland) (4.9091,52.3762)
1011*AG*4.9029*52.3759*Amsterdam (Noord-Holland) (4.9029,52.3759)
1011*AH*4.9029*52.3757*Amsterdam (Noord-Holland) (4.9029,52.3757)
1011*AJ*4.9028*52.3754*Amsterdam (Noord-Holland) (4.9028,52.3754)
1011*AK*4.9039*52.3746*Amsterdam (Noord-Holland) (4.9039,52.3746)
1011*AL*4.902*52.3688*Amsterdam (Noord-Holland) (4.902,52.3688)
1011*AM*4.9048*52.3742*Amsterdam (Noord-Holland) (4.9048,52.3742)
1011*AN*4.9051*52.374*Amsterdam (Noord-Holland) (4.9051,52.374)
1011*AP*4.9053*52.3739*Amsterdam (Noord-Holland) (4.9053,52.3739)
1011*AR*4.9056*52.3737*Amsterdam (Noord-Holland) (4.9056,52.3737)
1011*AS*4.9061*52.3734*Amsterdam (Noord-Holland) (4.9061,52.3734)
1011*AT*4.9064*52.3733*Amsterdam (Noord-Holland) (4.9064,52.3733)
1011*AV*4.9068*52.3731*Amsterdam (Noord-Holland) (4.9068,52.3731)
1011*AW*4.907*52.373*Amsterdam (Noord-Holland) (4.907,52.373)
1011*AX*4.9044*52.374*Amsterdam (Noord-Holland) (4.9044,52.374)
1011*AZ*4.9057*52.3733*Amsterdam (Noord-Holland) (4.9057,52.3733)
1011*BA*4.9057*52.3735*Amsterdam (Noord-Holland) (4.9057,52.3735)
1011*BB*4.9054*52.3733*Amsterdam (Noord-Holland) (4.9054,52.3733)
1011*BC*4.9069*52.3728*Amsterdam (Noord-Holland) (4.9069,52.3728)
1011*BD*4.9066*52.3726*Amsterdam (Noord-Holland) (4.9066,52.3726)
1011*BG*4.9037*52.3743*Amsterdam (Noord-Holland) (4.9037,52.3743)
1011*BH*4.9044*52.3736*Amsterdam (Noord-Holland) (4.9044,52.3736)
1011*BJ*4.9048*52.3734*Amsterdam (Noord-Holland) (4.9048,52.3734)
1011*BK*4.9051*52.3732*Amsterdam (Noord-Holland) (4.9051,52.3732)
1011*BL*4.9054*52.3731*Amsterdam (Noord-Holland) (4.9054,52.3731)
1011*BM*4.9056*52.373*Amsterdam (Noord-Holland) (4.9056,52.373)
1011*BN*4.9057*52.3729*Amsterdam (Noord-Holland) (4.9057,52.3729)
1011*BP*4.906*52.3728*Amsterdam (Noord-Holland) (4.906,52.3728)
1011*BR*4.9063*52.3726*Amsterdam (Noord-Holland) (4.9063,52.3726)
1011*BS*4.9028*52.3751*Amsterdam (Noord-Holland) (4.9028,52.3751)
1011*BT*4.9026*52.3746*Amsterdam (Noord-Holland) (4.9026,52.3746)
1011*BV*4.9025*52.3742*Amsterdam (Noord-Holland) (4.9025,52.3742)
1011*BW*4.9028*52.3739*Amsterdam (Noord-Holland) (4.9028,52.3739)
1011*BX*4.9031*52.3734*Amsterdam (Noord-Holland) (4.9031,52.3734)
1011*BZ*4.9035*52.3732*Amsterdam (Noord-Holland) (4.9035,52.3732)
1011*CA*4.9039*52.373*Amsterdam (Noord-Holland) (4.9039,52.373)
1011*CB*4.9044*52.3727*Amsterdam (Noord-Holland) (4.9044,52.3727)
1011*CC*4.9047*52.3725*Amsterdam (Noord-Holland) (4.9047,52.3725)
1011*CD*4.905*52.3723*Amsterdam (Noord-Holland) (4.905,52.3723)
1011*CE*4.9052*52.3722*Amsterdam (Noord-Holland) (4.9052,52.3722)
1011*CH*4.9022*52.3739*Amsterdam (Noord-Holland) (4.9022,52.3739)
1011*CJ*4.9026*52.3737*Amsterdam (Noord-Holland) (4.9026,52.3737)
1011*CK*4.9019*52.3739*Amsterdam (Noord-Holland) (4.9019,52.3739)
1011*CL*4.9024*52.3737*Amsterdam (Noord-Holland) (4.9024,52.3737)
1011*CM*4.9026*52.3734*Amsterdam (Noord-Holland) (4.9026,52.3734)
1011*CN*4.9029*52.373*Amsterdam (Noord-Holland) (4.9029,52.373)
1011*CP*4.9021*52.3734*Amsterdam (Noord-Holland) (4.9021,52.3734)
1011*CR*4.902*52.3732*Amsterdam (Noord-Holland) (4.902,52.3732)
1011*CS*4.9026*52.3729*Amsterdam (Noord-Holland) (4.9026,52.3729)
1011*CT*4.9029*52.3727*Amsterdam (Noord-Holland) (4.9029,52.3727)
1011*CV*4.9033*52.3725*Amsterdam (Noord-Holland) (4.9033,52.3725)
1011*CW*4.9037*52.3722*Amsterdam (Noord-Holland) (4.9037,52.3722)
1011*CX*4.904*52.372*Amsterdam (Noord-Holland) (4.904,52.372)
1011*CZ*4.9043*52.3719*Amsterdam (Noord-Holland) (4.9043,52.3719)
1011*DB*4.9027*52.3734*Amsterdam (Noord-Holland) (4.9027,52.3734)
1011*DC*4.901*52.3716*Amsterdam (Noord-Holland) (4.901,52.3716)
1011*DD*4.9068*52.3764*Amsterdam (Noord-Holland) (4.9068,52.3764)
1011*DE*4.9094*52.3759*Amsterdam (Noord-Holland) (4.9094,52.3759)
1011*DG*4.9076*52.3762*Amsterdam (Noord-Holland) (4.9076,52.3762)
1011*DH*4.9085*52.3763*Amsterdam (Noord-Holland) (4.9085,52.3763)
1011*DJ*4.906*52.3765*Amsterdam (Noord-Holland) (4.906,52.3765)
1011*DK*4.9075*52.3764*Amsterdam (Noord-Holland) (4.9075,52.3764)
1011*DL*4.9074*52.376*Amsterdam (Noord-Holland) (4.9074,52.376)
1011*DZ*4.9015*52.3717*Amsterdam (Noord-Holland) (4.9015,52.3717)
1011*EA*4.9018*52.3729*Amsterdam (Noord-Holland) (4.9018,52.3729)
1011*EB*4.9024*52.3726*Amsterdam (Noord-Holland) (4.9024,52.3726)
1011*EC*4.9032*52.3722*Amsterdam (Noord-Holland) (4.9032,52.3722)
1011*ED*4.904*52.3717*Amsterdam (Noord-Holland) (4.904,52.3717)
1011*EE*4.904*52.3726*Amsterdam (Noord-Holland) (4.904,52.3726)
1011*EG*4.9037*52.3725*Amsterdam (Noord-Holland) (4.9037,52.3725)
1011*EH*4.9026*52.3758*Amsterdam (Noord-Holland) (4.9026,52.3758)
1011*EJ*4.9024*52.3753*Amsterdam (Noord-Holland) (4.9024,52.3753)
1011*EK*4.9021*52.3749*Amsterdam (Noord-Holland) (4.9021,52.3749)
1011*EL*4.9018*52.3743*Amsterdam (Noord-Holland) (4.9018,52.3743)
1011*EM*4.9015*52.3737*Amsterdam (Noord-Holland) (4.9015,52.3737)
1011*EN*4.9012*52.373*Amsterdam (Noord-Holland) (4.9012,52.373)
1011*ER*4.9022*52.3741*Amsterdam (Noord-Holland) (4.9022,52.3741)
1011*ES*4.9014*52.3727*Amsterdam (Noord-Holland) (4.9014,52.3727)
1011*ET*4.9021*52.3723*Amsterdam (Noord-Holland) (4.9021,52.3723)
1011*EV*4.9013*52.3726*Amsterdam (Noord-Holland) (4.9013,52.3726)
1011*EW*4.9018*52.3723*Amsterdam (Noord-Holland) (4.9018,52.3723)
1011*EX*4.903*52.3718*Amsterdam (Noord-Holland) (4.903,52.3718)
1011*EZ*4.9035*52.3715*Amsterdam (Noord-Holland) (4.9035,52.3715)
1011*GA*4.903*52.3717*Amsterdam (Noord-Holland) (4.903,52.3717)
1011*GB*4.9036*52.3717*Amsterdam (Noord-Holland) (4.9036,52.3717)
1011*GC*4.9034*52.3717*Amsterdam (Noord-Holland) (4.9034,52.3717)
1011*GD*4.9016*52.3718*Amsterdam (Noord-Holland) (4.9016,52.3718)
1011*GG*4.9028*52.3713*Amsterdam (Noord-Holland) (4.9028,52.3713)
1011*GH*4.9027*52.3712*Amsterdam (Noord-Holland) (4.9027,52.3712)
1011*GJ*4.903*52.3715*Amsterdam (Noord-Holland) (4.903,52.3715)
1011*GK*4.9018*52.3714*Amsterdam (Noord-Holland) (4.9018,52.3714)
1011*GL*4.9014*52.3714*Amsterdam (Noord-Holland) (4.9014,52.3714)
1011*GM*4.9018*52.3708*Amsterdam (Noord-Holland) (4.9018,52.3708)
1011*GN*4.9017*52.3728*Amsterdam (Noord-Holland) (4.9017,52.3728)
1011*GP*4.9028*52.3722*Amsterdam (Noord-Holland) (4.9028,52.3722)
1011*GR*4.9026*52.3717*Amsterdam (Noord-Holland) (4.9026,52.3717)
1011*GS*4.9022*52.3712*Amsterdam (Noord-Holland) (4.9022,52.3712)
1011*GT*4.9015*52.3708*Amsterdam (Noord-Holland) (4.9015,52.3708)
1011*GV*4.9025*52.3724*Amsterdam (Noord-Holland) (4.9025,52.3724)
1011*GW*4.9022*52.3719*Amsterdam (Noord-Holland) (4.9022,52.3719)
1011*GX*4.9019*52.3714*Amsterdam (Noord-Holland) (4.9019,52.3714)
1011*GZ*4.9013*52.3704*Amsterdam (Noord-Holland) (4.9013,52.3704)
1011*HA*4.9009*52.3706*Amsterdam (Noord-Holland) (4.9009,52.3706)
1011*HB*4.9006*52.371*Amsterdam (Noord-Holland) (4.9006,52.371)
1011*HC*4.8995*52.3709*Amsterdam (Noord-Holland) (4.8995,52.3709)
1011*HD*4.9001*52.3707*Amsterdam (Noord-Holland) (4.9001,52.3707)
1011*HE*4.8993*52.3708*Amsterdam (Noord-Holland) (4.8993,52.3708)
1011*HG*4.9002*52.3705*Amsterdam (Noord-Holland) (4.9002,52.3705)
1011*HH*4.8993*52.3706*Amsterdam (Noord-Holland) (4.8993,52.3706)
1011*HJ*4.899*52.3703*Amsterdam (Noord-Holland) (4.899,52.3703)
1011*HK*4.8988*52.3702*Amsterdam (Noord-Holland) (4.8988,52.3702)
1011*HL*4.8996*52.37*Amsterdam (Noord-Holland) (4.8996,52.37)
1011*HM*4.8998*52.3706*Amsterdam (Noord-Holland) (4.8998,52.3706)
1011*HN*4.8993*52.37*Amsterdam (Noord-Holland) (4.8993,52.37)
1011*HP*4.8993*52.3703*Amsterdam (Noord-Holland) (4.8993,52.3703)
1011*HR*4.8989*52.3693*Amsterdam (Noord-Holland) (4.8989,52.3693)
1011*HS*4.8983*52.3686*Amsterdam (Noord-Holland) (4.8983,52.3686)
1011*HT*4.8977*52.368*Amsterdam (Noord-Holland) (4.8977,52.368)
1011*HV*4.8984*52.3693*Amsterdam (Noord-Holland) (4.8984,52.3693)
1011*HW*4.898*52.3689*Amsterdam (Noord-Holland) (4.898,52.3689)
1011*HX*4.8972*52.368*Amsterdam (Noord-Holland) (4.8972,52.368)
1011*HZ*4.8992*52.3689*Amsterdam (Noord-Holland) (4.8992,52.3689)
1011*JA*4.8989*52.3689*Amsterdam (Noord-Holland) (4.8989,52.3689)
1011*JB*4.9011*52.3699*Amsterdam (Noord-Holland) (4.9011,52.3699)
1011*JC*4.9002*52.3694*Amsterdam (Noord-Holland) (4.9002,52.3694)
1011*JD*4.8996*52.3691*Amsterdam (Noord-Holland) (4.8996,52.3691)
1011*JE*4.8998*52.3716*Amsterdam (Noord-Holland) (4.8998,52.3716)
1011*JG*4.8995*52.369*Amsterdam (Noord-Holland) (4.8995,52.369)
1011*JH*4.8989*52.3684*Amsterdam (Noord-Holland) (4.8989,52.3684)
1011*JJ*4.8972*52.3683*Amsterdam (Noord-Holland) (4.8972,52.3683)
1011*JK*4.8982*52.3683*Amsterdam (Noord-Holland) (4.8982,52.3683)
1011*JL*4.897*52.3682*Amsterdam (Noord-Holland) (4.897,52.3682)
1011*JM*4.8981*52.3681*Amsterdam (Noord-Holland) (4.8981,52.3681)
1011*JN*4.8978*52.3678*Amsterdam (Noord-Holland) (4.8978,52.3678)
1011*JP*4.9011*52.3726*Amsterdam (Noord-Holland) (4.9011,52.3726)
1011*JR*4.9009*52.3725*Amsterdam (Noord-Holland) (4.9009,52.3725)
1011*JS*4.9007*52.3722*Amsterdam (Noord-Holland) (4.9007,52.3722)
1011*JT*4.9*52.3718*Amsterdam (Noord-Holland) (4.9,52.3718)
1011*JV*4.8997*52.3714*Amsterdam (Noord-Holland) (4.8997,52.3714)
1011*JW*4.899*52.3708*Amsterdam (Noord-Holland) (4.899,52.3708)
1011*JX*4.8987*52.3705*Amsterdam (Noord-Holland) (4.8987,52.3705)
1011*JZ*4.8984*52.3701*Amsterdam (Noord-Holland) (4.8984,52.3701)
1011*KA*4.8978*52.3694*Amsterdam (Noord-Holland) (4.8978,52.3694)
1011*KB*4.8973*52.3689*Amsterdam (Noord-Holland) (4.8973,52.3689)
1011*KC*4.8969*52.3685*Amsterdam (Noord-Holland) (4.8969,52.3685)
1011*KD*4.8966*52.3681*Amsterdam (Noord-Holland) (4.8966,52.3681)
1011*KE*4.8963*52.3679*Amsterdam (Noord-Holland) (4.8963,52.3679)
1011*KH*4.8988*52.37*Amsterdam (Noord-Holland) (4.8988,52.37)
1011*KJ*4.8996*52.3698*Amsterdam (Noord-Holland) (4.8996,52.3698)
1011*KK*4.8992*52.3695*Amsterdam (Noord-Holland) (4.8992,52.3695)
1011*KM*4.8966*52.3678*Amsterdam (Noord-Holland) (4.8966,52.3678)
1011*KN*4.8969*52.3678*Amsterdam (Noord-Holland) (4.8969,52.3678)
1011*KP*4.9061*52.3716*Amsterdam (Noord-Holland) (4.9061,52.3716)
1011*KR*4.9057*52.3714*Amsterdam (Noord-Holland) (4.9057,52.3714)
1011*KS*4.9054*52.3712*Amsterdam (Noord-Holland) (4.9054,52.3712)
1011*KT*4.9049*52.3711*Amsterdam (Noord-Holland) (4.9049,52.3711)
1011*KV*4.9043*52.3708*Amsterdam (Noord-Holland) (4.9043,52.3708)
1011*KW*4.9034*52.3704*Amsterdam (Noord-Holland) (4.9034,52.3704)
1011*KX*4.9053*52.3721*Amsterdam (Noord-Holland) (4.9053,52.3721)
1011*KZ*4.9049*52.372*Amsterdam (Noord-Holland) (4.9049,52.372)
1011*LA*4.9047*52.3718*Amsterdam (Noord-Holland) (4.9047,52.3718)
1011*LB*4.904*52.3715*Amsterdam (Noord-Holland) (4.904,52.3715)
1011*LC*4.9035*52.3713*Amsterdam (Noord-Holland) (4.9035,52.3713)
1011*LD*4.9029*52.371*Amsterdam (Noord-Holland) (4.9029,52.371)
1011*LE*4.902*52.3706*Amsterdam (Noord-Holland) (4.902,52.3706)
1011*LH*4.9066*52.3716*Amsterdam (Noord-Holland) (4.9066,52.3716)
1011*LJ*4.9043*52.3707*Amsterdam (Noord-Holland) (4.9043,52.3707)
1011*LK*4.9044*52.3705*Amsterdam (Noord-Holland) (4.9044,52.3705)
1011*LL*4.9027*52.37*Amsterdam (Noord-Holland) (4.9027,52.37)
1011*LM*4.9068*52.371*Amsterdam (Noord-Holland) (4.9068,52.371)
1011*LN*4.9039*52.3698*Amsterdam (Noord-Holland) (4.9039,52.3698)
1011*LP*4.9067*52.3713*Amsterdam (Noord-Holland) (4.9067,52.3713)
1011*LR*4.9064*52.3712*Amsterdam (Noord-Holland) (4.9064,52.3712)
1011*LS*4.906*52.371*Amsterdam (Noord-Holland) (4.906,52.371)
1011*LT*4.9057*52.3709*Amsterdam (Noord-Holland) (4.9057,52.3709)
1011*LV*4.9053*52.3707*Amsterdam (Noord-Holland) (4.9053,52.3707)
1011*LW*4.9048*52.3706*Amsterdam (Noord-Holland) (4.9048,52.3706)
1011*LX*4.9037*52.3701*Amsterdam (Noord-Holland) (4.9037,52.3701)
1011*LZ*4.9081*52.3703*Amsterdam (Noord-Holland) (4.9081,52.3703)
1011*MA*4.9008*52.372*Amsterdam (Noord-Holland) (4.9008,52.372)
1011*MB*4.9009*52.372*Amsterdam (Noord-Holland) (4.9009,52.372)
1011*MC*4.9014*52.371*Amsterdam (Noord-Holland) (4.9014,52.371)
1011*ME*4.9009*52.3721*Amsterdam (Noord-Holland) (4.9009,52.3721)
1011*MG*4.908*52.3697*Amsterdam (Noord-Holland) (4.908,52.3697)
1011*MH*4.9069*52.3693*Amsterdam (Noord-Holland) (4.9069,52.3693)
1011*MJ*4.9058*52.3689*Amsterdam (Noord-Holland) (4.9058,52.3689)
1011*MK*4.9084*52.3695*Amsterdam (Noord-Holland) (4.9084,52.3695)
1011*ML*4.9073*52.369*Amsterdam (Noord-Holland) (4.9073,52.369)
1011*MN*4.9062*52.3686*Amsterdam (Noord-Holland) (4.9062,52.3686)
1011*MP*4.9086*52.3698*Amsterdam (Noord-Holland) (4.9086,52.3698)
1011*MR*4.9076*52.3695*Amsterdam (Noord-Holland) (4.9076,52.3695)
1011*MS*4.9018*52.3673*Amsterdam (Noord-Holland) (4.9018,52.3673)
1011*MT*4.9065*52.369*Amsterdam (Noord-Holland) (4.9065,52.369)
1011*MV*4.9056*52.3687*Amsterdam (Noord-Holland) (4.9056,52.3687)
1011*MX*4.9049*52.3701*Amsterdam (Noord-Holland) (4.9049,52.3701)
1011*MZ*4.9047*52.37*Amsterdam (Noord-Holland) (4.9047,52.37)
1011*NA*4.9064*52.3697*Amsterdam (Noord-Holland) (4.9064,52.3697)
1011*NB*4.906*52.3694*Amsterdam (Noord-Holland) (4.906,52.3694)
1011*NC*4.9053*52.3694*Amsterdam (Noord-Holland) (4.9053,52.3694)
1011*ND*4.9049*52.3691*Amsterdam (Noord-Holland) (4.9049,52.3691)
1011*NE*4.9022*52.3725*Amsterdam (Noord-Holland) (4.9022,52.3725)
1011*NG*4.9024*52.3694*Amsterdam (Noord-Holland) (4.9024,52.3694)
1011*NH*4.9035*52.3689*Amsterdam (Noord-Holland) (4.9035,52.3689)
1011*NK*4.9017*52.3692*Amsterdam (Noord-Holland) (4.9017,52.3692)
1011*NM*4.902*52.3691*Amsterdam (Noord-Holland) (4.902,52.3691)
1011*NN*4.902*52.369*Amsterdam (Noord-Holland) (4.902,52.369)
1011*NP*4.902*52.369*Amsterdam (Noord-Holland) (4.902,52.369)
1011*NR*4.902*52.369*Amsterdam (Noord-Holland) (4.902,52.369)
1011*NS*4.9027*52.3687*Amsterdam (Noord-Holland) (4.9027,52.3687)
1011*NV*4.9011*52.3691*Amsterdam (Noord-Holland) (4.9011,52.3691)
1011*NX*4.9013*52.3689*Amsterdam (Noord-Holland) (4.9013,52.3689)
1011*NZ*4.9016*52.3688*Amsterdam (Noord-Holland) (4.9016,52.3688)
1011*PA*4.9016*52.3688*Amsterdam (Noord-Holland) (4.9016,52.3688)
1011*PB*4.9017*52.3688*Amsterdam (Noord-Holland) (4.9017,52.3688)
1011*PC*4.9018*52.3687*Amsterdam (Noord-Holland) (4.9018,52.3687)
1011*PD*4.9018*52.3688*Amsterdam (Noord-Holland) (4.9018,52.3688)
1011*PE*4.9018*52.3688*Amsterdam (Noord-Holland) (4.9018,52.3688)
1011*PG*4.9023*52.3675*Amsterdam (Noord-Holland) (4.9023,52.3675)
1011*PL*4.9028*52.3669*Amsterdam (Noord-Holland) (4.9028,52.3669)
1011*PM*4.9028*52.3671*Amsterdam (Noord-Holland) (4.9028,52.3671)
1011*PN*4.9003*52.3676*Amsterdam (Noord-Holland) (4.9003,52.3676)
1011*PT*4.9007*52.3669*Amsterdam (Noord-Holland) (4.9007,52.3669)
1011*PV*4.9018*52.3664*Amsterdam (Noord-Holland) (4.9018,52.3664)
1011*PW*4.9019*52.3662*Amsterdam (Noord-Holland) (4.9019,52.3662)
1011*PZ*4.906*52.368*Amsterdam (Noord-Holland) (4.906,52.368)
1011*RA*4.9058*52.3676*Amsterdam (Noord-Holland) (4.9058,52.3676)
1011*RB*4.9061*52.3675*Amsterdam (Noord-Holland) (4.9061,52.3675)
1011*RC*4.9064*52.3674*Amsterdam (Noord-Holland) (4.9064,52.3674)
1011*RD*4.9048*52.3678*Amsterdam (Noord-Holland) (4.9048,52.3678)
1011*RE*4.9055*52.3673*Amsterdam (Noord-Holland) (4.9055,52.3673)
1011*RG*4.9059*52.3672*Amsterdam (Noord-Holland) (4.9059,52.3672)
1011*RH*4.9042*52.3668*Amsterdam (Noord-Holland) (4.9042,52.3668)
1011*RJ*4.9021*52.3662*Amsterdam (Noord-Holland) (4.9021,52.3662)
1011*RK*4.9024*52.3662*Amsterdam (Noord-Holland) (4.9024,52.3662)
1011*RL*4.9028*52.3663*Amsterdam (Noord-Holland) (4.9028,52.3663)
1011*RM*4.9032*52.3664*Amsterdam (Noord-Holland) (4.9032,52.3664)
1011*RN*4.9037*52.3665*Amsterdam (Noord-Holland) (4.9037,52.3665)
1011*RP*4.9062*52.3671*Amsterdam (Noord-Holland) (4.9062,52.3671)
1011*RR*4.9064*52.3673*Amsterdam (Noord-Holland) (4.9064,52.3673)
1011*RS*4.907*52.3677*Amsterdam (Noord-Holland) (4.907,52.3677)
1011*RT*4.907*52.3677*Amsterdam (Noord-Holland) (4.907,52.3677)
1011*RV*4.907*52.3677*Amsterdam (Noord-Holland) (4.907,52.3677)
1011*RW*4.907*52.3677*Amsterdam (Noord-Holland) (4.907,52.3677)
1011*RX*4.9072*52.3678*Amsterdam (Noord-Holland) (4.9072,52.3678)
1011*RZ*4.9076*52.3681*Amsterdam (Noord-Holland) (4.9076,52.3681)
1011*SB*4.9079*52.3683*Amsterdam (Noord-Holland) (4.9079,52.3683)
1011*SC*4.9084*52.3686*Amsterdam (Noord-Holland) (4.9084,52.3686)
1011*SE*4.9085*52.3687*Amsterdam (Noord-Holland) (4.9085,52.3687)
1011*SG*4.9088*52.3688*Amsterdam (Noord-Holland) (4.9088,52.3688)
1011*SK*4.9098*52.3695*Amsterdam (Noord-Holland) (4.9098,52.3695)
1011*SM*4.9026*52.3694*Amsterdam (Noord-Holland) (4.9026,52.3694)
1011*SN*4.91*52.3696*Amsterdam (Noord-Holland) (4.91,52.3696)
1011*SP*4.9102*52.3698*Amsterdam (Noord-Holland) (4.9102,52.3698)
1011*SR*4.9092*52.3694*Amsterdam (Noord-Holland) (4.9092,52.3694)
1011*ST*4.9092*52.3694*Amsterdam (Noord-Holland) (4.9092,52.3694)
1011*SV*4.9092*52.3694*Amsterdam (Noord-Holland) (4.9092,52.3694)
1011*SW*4.9092*52.3694*Amsterdam (Noord-Holland) (4.9092,52.3694)
1011*SX*4.9092*52.3694*Amsterdam (Noord-Holland) (4.9092,52.3694)
1011*SZ*4.9092*52.3694*Amsterdam (Noord-Holland) (4.9092,52.3694)
1011*TA*4.9092*52.37*Amsterdam (Noord-Holland) (4.9092,52.37)
1011*TB*4.909*52.372*Amsterdam (Noord-Holland) (4.909,52.372)
1011*TC*4.9098*52.3717*Amsterdam (Noord-Holland) (4.9098,52.3717)
1011*TD*4.9112*52.3709*Amsterdam (Noord-Holland) (4.9112,52.3709)
1011*TE*4.9066*52.3742*Amsterdam (Noord-Holland) (4.9066,52.3742)
1011*TG*4.9075*52.3721*Amsterdam (Noord-Holland) (4.9075,52.3721)
1011*TJ*4.9081*52.3718*Amsterdam (Noord-Holland) (4.9081,52.3718)
1011*TK*4.9096*52.3695*Amsterdam (Noord-Holland) (4.9096,52.3695)
1011*TL*4.9079*52.3719*Amsterdam (Noord-Holland) (4.9079,52.3719)
1011*TM*4.9099*52.3713*Amsterdam (Noord-Holland) (4.9099,52.3713)
1011*TN*4.9106*52.3707*Amsterdam (Noord-Holland) (4.9106,52.3707)
1011*TP*4.9109*52.3706*Amsterdam (Noord-Holland) (4.9109,52.3706)
1011*TR*4.9118*52.3708*Amsterdam (Noord-Holland) (4.9118,52.3708)
1011*TS*4.9115*52.3706*Amsterdam (Noord-Holland) (4.9115,52.3706)
1011*TT*4.9076*52.3719*Amsterdam (Noord-Holland) (4.9076,52.3719)
1011*TV*4.9089*52.3713*Amsterdam (Noord-Holland) (4.9089,52.3713)
1011*TW*4.9103*52.3704*Amsterdam (Noord-Holland) (4.9103,52.3704)
1011*TX*4.9074*52.3718*Amsterdam (Noord-Holland) (4.9074,52.3718)
1011*TZ*4.9085*52.3712*Amsterdam (Noord-Holland) (4.9085,52.3712)
1011*VA*4.911*52.3704*Amsterdam (Noord-Holland) (4.911,52.3704)
1011*VB*4.9108*52.3703*Amsterdam (Noord-Holland) (4.9108,52.3703)
1011*VC*4.9104*52.3701*Amsterdam (Noord-Holland) (4.9104,52.3701)
1011*VD*4.9104*52.3701*Amsterdam (Noord-Holland) (4.9104,52.3701)
1011*VE*4.9104*52.3701*Amsterdam (Noord-Holland) (4.9104,52.3701)
1011*VG*4.9104*52.3701*Amsterdam (Noord-Holland) (4.9104,52.3701)
1011*VH*4.9104*52.3701*Amsterdam (Noord-Holland) (4.9104,52.3701)
1011*VJ*4.9105*52.3701*Amsterdam (Noord-Holland) (4.9105,52.3701)
1011*VK*4.9084*52.3691*Amsterdam (Noord-Holland) (4.9084,52.3691)
1011*VL*4.9076*52.3689*Amsterdam (Noord-Holland) (4.9076,52.3689)
1011*VM*4.9062*52.3683*Amsterdam (Noord-Holland) (4.9062,52.3683)
1011*VP*4.9086*52.3707*Amsterdam (Noord-Holland) (4.9086,52.3707)
1011*VR*4.9034*52.3671*Amsterdam (Noord-Holland) (4.9034,52.3671)
1011*VS*4.9036*52.3668*Amsterdam (Noord-Holland) (4.9036,52.3668)
1011*VT*4.903*52.3673*Amsterdam (Noord-Holland) (4.903,52.3673)
1011*VW*4.9*52.3678*Amsterdam (Noord-Holland) (4.9,52.3678)
1011*VX*4.9124*52.3733*Amsterdam (Noord-Holland) (4.9124,52.3733)
1011*VZ*4.9124*52.3731*Amsterdam (Noord-Holland) (4.9124,52.3731)
1011*WB*4.9004*52.3702*Amsterdam (Noord-Holland) (4.9004,52.3702)
1011*WC*4.9003*52.3697*Amsterdam (Noord-Holland) (4.9003,52.3697)
1011*WD*4.9006*52.3698*Amsterdam (Noord-Holland) (4.9006,52.3698)
1011*XA*4.8999*52.3699*Amsterdam (Noord-Holland) (4.8999,52.3699)
1012*AA*4.9015*52.3794*Amsterdam (Noord-Holland) (4.9015,52.3794)
1012*AB*4.9001*52.3788*Amsterdam (Noord-Holland) (4.9001,52.3788)
1012*AC*4.8993*52.3765*Amsterdam (Noord-Holland) (4.8993,52.3765)
1012*AD*4.9003*52.3764*Amsterdam (Noord-Holland) (4.9003,52.3764)
1012*AE*4.9015*52.3767*Amsterdam (Noord-Holland) (4.9015,52.3767)
1012*AG*4.8998*52.3762*Amsterdam (Noord-Holland) (4.8998,52.3762)
1012*AH*4.8997*52.3761*Amsterdam (Noord-Holland) (4.8997,52.3761)
1012*AJ*4.8998*52.3763*Amsterdam (Noord-Holland) (4.8998,52.3763)
1012*AK*4.9002*52.3759*Amsterdam (Noord-Holland) (4.9002,52.3759)
1012*AL*4.9013*52.376*Amsterdam (Noord-Holland) (4.9013,52.376)
1012*AM*4.9013*52.3757*Amsterdam (Noord-Holland) (4.9013,52.3757)
1012*AN*4.9003*52.3761*Amsterdam (Noord-Holland) (4.9003,52.3761)
1012*AP*4.9009*52.3757*Amsterdam (Noord-Holland) (4.9009,52.3757)
1012*AR*4.9011*52.3754*Amsterdam (Noord-Holland) (4.9011,52.3754)
1012*AS*4.9009*52.3747*Amsterdam (Noord-Holland) (4.9009,52.3747)
1012*AT*4.9005*52.3741*Amsterdam (Noord-Holland) (4.9005,52.3741)
1012*AV*4.9004*52.3738*Amsterdam (Noord-Holland) (4.9004,52.3738)
1012*AW*4.9003*52.3734*Amsterdam (Noord-Holland) (4.9003,52.3734)
1012*AX*4.9003*52.376*Amsterdam (Noord-Holland) (4.9003,52.376)
1012*AZ*4.9009*52.3755*Amsterdam (Noord-Holland) (4.9009,52.3755)
1012*BA*4.9008*52.3748*Amsterdam (Noord-Holland) (4.9008,52.3748)
1012*BB*4.9002*52.3741*Amsterdam (Noord-Holland) (4.9002,52.3741)
1012*BC*4.9001*52.3732*Amsterdam (Noord-Holland) (4.9001,52.3732)
1012*BD*4.9007*52.3743*Amsterdam (Noord-Holland) (4.9007,52.3743)
1012*BE*4.9002*52.3741*Amsterdam (Noord-Holland) (4.9002,52.3741)
1012*BG*4.8998*52.3736*Amsterdam (Noord-Holland) (4.8998,52.3736)
1012*BH*4.9019*52.3761*Amsterdam (Noord-Holland) (4.9019,52.3761)
1012*BJ*4.9014*52.3752*Amsterdam (Noord-Holland) (4.9014,52.3752)
1012*BK*4.9012*52.3748*Amsterdam (Noord-Holland) (4.9012,52.3748)
1012*BL*4.901*52.3744*Amsterdam (Noord-Holland) (4.901,52.3744)
1012*BM*4.9007*52.3739*Amsterdam (Noord-Holland) (4.9007,52.3739)
1012*BN*4.9005*52.3734*Amsterdam (Noord-Holland) (4.9005,52.3734)
1012*BP*4.8997*52.3732*Amsterdam (Noord-Holland) (4.8997,52.3732)
1012*BR*4.8997*52.373*Amsterdam (Noord-Holland) (4.8997,52.373)
1012*BS*4.8993*52.3729*Amsterdam (Noord-Holland) (4.8993,52.3729)
1012*BT*4.8992*52.3731*Amsterdam (Noord-Holland) (4.8992,52.3731)
1012*BV*4.8988*52.3724*Amsterdam (Noord-Holland) (4.8988,52.3724)
1012*BW*4.8985*52.3721*Amsterdam (Noord-Holland) (4.8985,52.3721)
1012*BX*4.8986*52.3719*Amsterdam (Noord-Holland) (4.8986,52.3719)
1012*BZ*4.8984*52.3718*Amsterdam (Noord-Holland) (4.8984,52.3718)
1012*CA*4.8983*52.3717*Amsterdam (Noord-Holland) (4.8983,52.3717)
1012*CB*4.898*52.3715*Amsterdam (Noord-Holland) (4.898,52.3715)
1012*CC*4.8984*52.3714*Amsterdam (Noord-Holland) (4.8984,52.3714)
1012*CD*4.8978*52.3713*Amsterdam (Noord-Holland) (4.8978,52.3713)
1012*CE*4.8973*52.3713*Amsterdam (Noord-Holland) (4.8973,52.3713)
1012*CG*4.8981*52.3708*Amsterdam (Noord-Holland) (4.8981,52.3708)
1012*CH*4.8971*52.3705*Amsterdam (Noord-Holland) (4.8971,52.3705)
1012*CJ*4.897*52.3703*Amsterdam (Noord-Holland) (4.897,52.3703)
1012*CK*4.8967*52.3701*Amsterdam (Noord-Holland) (4.8967,52.3701)
1012*CL*4.8961*52.3701*Amsterdam (Noord-Holland) (4.8961,52.3701)
1012*CM*4.8961*52.3699*Amsterdam (Noord-Holland) (4.8961,52.3699)
1012*CN*4.8956*52.3695*Amsterdam (Noord-Holland) (4.8956,52.3695)
1012*CP*4.8948*52.368*Amsterdam (Noord-Holland) (4.8948,52.368)
1012*CR*4.8998*52.3728*Amsterdam (Noord-Holland) (4.8998,52.3728)
1012*CS*4.8995*52.3724*Amsterdam (Noord-Holland) (4.8995,52.3724)
1012*CT*4.8992*52.372*Amsterdam (Noord-Holland) (4.8992,52.372)
1012*CV*4.899*52.3717*Amsterdam (Noord-Holland) (4.899,52.3717)
1012*CW*4.8986*52.3713*Amsterdam (Noord-Holland) (4.8986,52.3713)
1012*CX*4.8975*52.3701*Amsterdam (Noord-Holland) (4.8975,52.3701)
1012*CZ*4.8961*52.3687*Amsterdam (Noord-Holland) (4.8961,52.3687)
1012*DA*4.8999*52.374*Amsterdam (Noord-Holland) (4.8999,52.374)
1012*DB*4.8992*52.3734*Amsterdam (Noord-Holland) (4.8992,52.3734)
1012*DC*4.8986*52.3728*Amsterdam (Noord-Holland) (4.8986,52.3728)
1012*DD*4.8984*52.3723*Amsterdam (Noord-Holland) (4.8984,52.3723)
1012*DE*4.8978*52.3721*Amsterdam (Noord-Holland) (4.8978,52.3721)
1012*DG*4.8973*52.3717*Amsterdam (Noord-Holland) (4.8973,52.3717)
1012*DH*4.8969*52.3712*Amsterdam (Noord-Holland) (4.8969,52.3712)
1012*DJ*4.8967*52.371*Amsterdam (Noord-Holland) (4.8967,52.371)
1012*DK*4.8961*52.3704*Amsterdam (Noord-Holland) (4.8961,52.3704)
1012*DL*4.8956*52.3697*Amsterdam (Noord-Holland) (4.8956,52.3697)
1012*DM*4.9003*52.3749*Amsterdam (Noord-Holland) (4.9003,52.3749)
1012*DN*4.8998*52.3744*Amsterdam (Noord-Holland) (4.8998,52.3744)
1012*DP*4.8992*52.3739*Amsterdam (Noord-Holland) (4.8992,52.3739)
1012*DR*4.8984*52.3732*Amsterdam (Noord-Holland) (4.8984,52.3732)
1012*DS*4.8979*52.3728*Amsterdam (Noord-Holland) (4.8979,52.3728)
1012*DT*4.8974*52.3722*Amsterdam (Noord-Holland) (4.8974,52.3722)
1012*DV*4.897*52.3718*Amsterdam (Noord-Holland) (4.897,52.3718)
1012*DW*4.8964*52.3713*Amsterdam (Noord-Holland) (4.8964,52.3713)
1012*DX*4.8953*52.37*Amsterdam (Noord-Holland) (4.8953,52.37)
1012*DZ*4.9004*52.3753*Amsterdam (Noord-Holland) (4.9004,52.3753)
1012*EA*4.8999*52.3746*Amsterdam (Noord-Holland) (4.8999,52.3746)
1012*EB*4.899*52.3738*Amsterdam (Noord-Holland) (4.899,52.3738)
1012*EC*4.8974*52.3725*Amsterdam (Noord-Holland) (4.8974,52.3725)
1012*ED*4.8964*52.3716*Amsterdam (Noord-Holland) (4.8964,52.3716)
1012*EE*4.8961*52.3713*Amsterdam (Noord-Holland) (4.8961,52.3713)
1012*EG*4.8953*52.3704*Amsterdam (Noord-Holland) (4.8953,52.3704)
1012*EH*4.9*52.375*Amsterdam (Noord-Holland) (4.9,52.375)
1012*EJ*4.8995*52.3744*Amsterdam (Noord-Holland) (4.8995,52.3744)
1012*EK*4.8989*52.374*Amsterdam (Noord-Holland) (4.8989,52.374)
1012*EL*4.8985*52.3736*Amsterdam (Noord-Holland) (4.8985,52.3736)
1012*EM*4.8981*52.3733*Amsterdam (Noord-Holland) (4.8981,52.3733)
1012*EN*4.8978*52.3731*Amsterdam (Noord-Holland) (4.8978,52.3731)
1012*EP*4.8975*52.3729*Amsterdam (Noord-Holland) (4.8975,52.3729)
1012*ER*4.8972*52.3727*Amsterdam (Noord-Holland) (4.8972,52.3727)
1012*ES*4.8969*52.3723*Amsterdam (Noord-Holland) (4.8969,52.3723)
1012*ET*4.8965*52.3721*Amsterdam (Noord-Holland) (4.8965,52.3721)
1012*EV*4.8964*52.3719*Amsterdam (Noord-Holland) (4.8964,52.3719)
1012*EW*4.8959*52.3716*Amsterdam (Noord-Holland) (4.8959,52.3716)
1012*EX*4.895*52.3703*Amsterdam (Noord-Holland) (4.895,52.3703)
1012*EZ*4.8948*52.3697*Amsterdam (Noord-Holland) (4.8948,52.3697)
1012*GA*4.8936*52.3694*Amsterdam (Noord-Holland) (4.8936,52.3694)
1012*GB*4.893*52.3693*Amsterdam (Noord-Holland) (4.893,52.3693)
1012*GC*4.8936*52.3682*Amsterdam (Noord-Holland) (4.8936,52.3682)
1012*GD*4.8997*52.3755*Amsterdam (Noord-Holland) (4.8997,52.3755)
1012*GE*4.899*52.3747*Amsterdam (Noord-Holland) (4.899,52.3747)
1012*GG*4.8978*52.3738*Amsterdam (Noord-Holland) (4.8978,52.3738)
1012*GH*4.8969*52.3732*Amsterdam (Noord-Holland) (4.8969,52.3732)
1012*GJ*4.896*52.3724*Amsterdam (Noord-Holland) (4.896,52.3724)
1012*GK*4.8953*52.3717*Amsterdam (Noord-Holland) (4.8953,52.3717)
1012*GL*4.8946*52.371*Amsterdam (Noord-Holland) (4.8946,52.371)
1012*GM*4.894*52.3696*Amsterdam (Noord-Holland) (4.894,52.3696)
1012*GN*4.8997*52.376*Amsterdam (Noord-Holland) (4.8997,52.376)
1012*GP*4.8992*52.3756*Amsterdam (Noord-Holland) (4.8992,52.3756)
1012*GR*4.8988*52.3753*Amsterdam (Noord-Holland) (4.8988,52.3753)
1012*GS*4.8986*52.3751*Amsterdam (Noord-Holland) (4.8986,52.3751)
1012*GT*4.8986*52.3749*Amsterdam (Noord-Holland) (4.8986,52.3749)
1012*GV*4.8977*52.3747*Amsterdam (Noord-Holland) (4.8977,52.3747)
1012*GW*4.897*52.3744*Amsterdam (Noord-Holland) (4.897,52.3744)
1012*GX*4.8978*52.3743*Amsterdam (Noord-Holland) (4.8978,52.3743)
1012*GZ*4.8976*52.3745*Amsterdam (Noord-Holland) (4.8976,52.3745)
1012*HA*4.8975*52.3739*Amsterdam (Noord-Holland) (4.8975,52.3739)
1012*HB*4.8974*52.3738*Amsterdam (Noord-Holland) (4.8974,52.3738)
1012*HC*4.8971*52.3739*Amsterdam (Noord-Holland) (4.8971,52.3739)
1012*HD*4.8974*52.3737*Amsterdam (Noord-Holland) (4.8974,52.3737)
1012*HE*4.8968*52.3737*Amsterdam (Noord-Holland) (4.8968,52.3737)
1012*HG*4.8961*52.373*Amsterdam (Noord-Holland) (4.8961,52.373)
1012*HH*4.8952*52.3723*Amsterdam (Noord-Holland) (4.8952,52.3723)
1012*HJ*4.8949*52.3718*Amsterdam (Noord-Holland) (4.8949,52.3718)
1012*HK*4.8946*52.372*Amsterdam (Noord-Holland) (4.8946,52.372)
1012*HL*4.8945*52.3717*Amsterdam (Noord-Holland) (4.8945,52.3717)
1012*HM*4.8943*52.3714*Amsterdam (Noord-Holland) (4.8943,52.3714)
1012*HN*4.8943*52.3708*Amsterdam (Noord-Holland) (4.8943,52.3708)
1012*HP*4.8939*52.3702*Amsterdam (Noord-Holland) (4.8939,52.3702)
1012*HR*4.8939*52.3699*Amsterdam (Noord-Holland) (4.8939,52.3699)
1012*HS*4.8937*52.3695*Amsterdam (Noord-Holland) (4.8937,52.3695)
1012*HT*4.8992*52.376*Amsterdam (Noord-Holland) (4.8992,52.376)
1012*HV*4.8986*52.3756*Amsterdam (Noord-Holland) (4.8986,52.3756)
1012*HW*4.8982*52.3753*Amsterdam (Noord-Holland) (4.8982,52.3753)
1012*HX*4.8978*52.375*Amsterdam (Noord-Holland) (4.8978,52.375)
1012*HZ*4.8972*52.3746*Amsterdam (Noord-Holland) (4.8972,52.3746)
1012*JA*4.8966*52.3742*Amsterdam (Noord-Holland) (4.8966,52.3742)
1012*JB*4.896*52.3737*Amsterdam (Noord-Holland) (4.896,52.3737)
1012*JC*4.8953*52.3733*Amsterdam (Noord-Holland) (4.8953,52.3733)
1012*JD*4.8991*52.3761*Amsterdam (Noord-Holland) (4.8991,52.3761)
1012*JE*4.8983*52.3756*Amsterdam (Noord-Holland) (4.8983,52.3756)
1012*JG*4.898*52.3754*Amsterdam (Noord-Holland) (4.898,52.3754)
1012*JH*4.8971*52.3747*Amsterdam (Noord-Holland) (4.8971,52.3747)
1012*JJ*4.8966*52.3744*Amsterdam (Noord-Holland) (4.8966,52.3744)
1012*JK*4.8946*52.3735*Amsterdam (Noord-Holland) (4.8946,52.3735)
1012*JL*4.8949*52.3723*Amsterdam (Noord-Holland) (4.8949,52.3723)
1012*JM*4.8948*52.3721*Amsterdam (Noord-Holland) (4.8948,52.3721)
1012*JN*4.8964*52.3757*Amsterdam (Noord-Holland) (4.8964,52.3757)
1012*JP*4.897*52.3756*Amsterdam (Noord-Holland) (4.897,52.3756)
1012*JS*4.8941*52.373*Amsterdam (Noord-Holland) (4.8941,52.373)
1012*JT*4.8971*52.3751*Amsterdam (Noord-Holland) (4.8971,52.3751)
1012*JV*4.8965*52.3747*Amsterdam (Noord-Holland) (4.8965,52.3747)
1012*JW*4.8952*52.3741*Amsterdam (Noord-Holland) (4.8952,52.3741)
1012*JZ*4.897*52.3711*Amsterdam (Noord-Holland) (4.897,52.3711)
1012*KB*4.8925*52.3724*Amsterdam (Noord-Holland) (4.8925,52.3724)
1012*KC*4.8938*52.3719*Amsterdam (Noord-Holland) (4.8938,52.3719)
1012*KD*4.8935*52.37*Amsterdam (Noord-Holland) (4.8935,52.37)
1012*KE*4.8934*52.3706*Amsterdam (Noord-Holland) (4.8934,52.3706)
1012*KG*4.8937*52.3724*Amsterdam (Noord-Holland) (4.8937,52.3724)
1012*KJ*4.8932*52.3704*Amsterdam (Noord-Holland) (4.8932,52.3704)
1012*KK*4.8932*52.3717*Amsterdam (Noord-Holland) (4.8932,52.3717)
1012*KL*4.893*52.3704*Amsterdam (Noord-Holland) (4.893,52.3704)
1012*KM*4.8929*52.3699*Amsterdam (Noord-Holland) (4.8929,52.3699)
1012*KN*4.8928*52.3697*Amsterdam (Noord-Holland) (4.8928,52.3697)
1012*KP*4.8928*52.3694*Amsterdam (Noord-Holland) (4.8928,52.3694)
1012*KR*4.8926*52.3722*Amsterdam (Noord-Holland) (4.8926,52.3722)
1012*KS*4.8926*52.3718*Amsterdam (Noord-Holland) (4.8926,52.3718)
1012*KT*4.8925*52.3714*Amsterdam (Noord-Holland) (4.8925,52.3714)
1012*KV*4.8924*52.371*Amsterdam (Noord-Holland) (4.8924,52.371)
1012*KW*4.8921*52.3706*Amsterdam (Noord-Holland) (4.8921,52.3706)
1012*KX*4.892*52.3698*Amsterdam (Noord-Holland) (4.892,52.3698)
1012*KZ*4.8919*52.3695*Amsterdam (Noord-Holland) (4.8919,52.3695)
1012*LA*4.8918*52.3691*Amsterdam (Noord-Holland) (4.8918,52.3691)
1012*LB*4.8918*52.3687*Amsterdam (Noord-Holland) (4.8918,52.3687)
1012*LC*4.892*52.3685*Amsterdam (Noord-Holland) (4.892,52.3685)
1012*LD*4.8921*52.3683*Amsterdam (Noord-Holland) (4.8921,52.3683)
1012*LE*4.8926*52.3677*Amsterdam (Noord-Holland) (4.8926,52.3677)
1012*LG*4.8977*52.3769*Amsterdam (Noord-Holland) (4.8977,52.3769)
1012*LH*4.8974*52.3765*Amsterdam (Noord-Holland) (4.8974,52.3765)
1012*LJ*4.8969*52.3763*Amsterdam (Noord-Holland) (4.8969,52.3763)
1012*LK*4.8962*52.3758*Amsterdam (Noord-Holland) (4.8962,52.3758)
1012*LL*4.8955*52.3753*Amsterdam (Noord-Holland) (4.8955,52.3753)
1012*LM*4.8948*52.3748*Amsterdam (Noord-Holland) (4.8948,52.3748)
1012*LN*4.8942*52.3742*Amsterdam (Noord-Holland) (4.8942,52.3742)
1012*LP*4.8938*52.3738*Amsterdam (Noord-Holland) (4.8938,52.3738)
1012*LR*4.8971*52.3769*Amsterdam (Noord-Holland) (4.8971,52.3769)
1012*LS*4.8965*52.3764*Amsterdam (Noord-Holland) (4.8965,52.3764)
1012*LT*4.8956*52.3757*Amsterdam (Noord-Holland) (4.8956,52.3757)
1012*LV*4.8949*52.3751*Amsterdam (Noord-Holland) (4.8949,52.3751)
1012*LW*4.8944*52.3746*Amsterdam (Noord-Holland) (4.8944,52.3746)
1012*LX*4.8937*52.3742*Amsterdam (Noord-Holland) (4.8937,52.3742)
1012*LZ*4.8951*52.3786*Amsterdam (Noord-Holland) (4.8951,52.3786)
1012*MA*4.8957*52.3781*Amsterdam (Noord-Holland) (4.8957,52.3781)
1012*MB*4.8967*52.3774*Amsterdam (Noord-Holland) (4.8967,52.3774)
1012*MC*4.8966*52.3767*Amsterdam (Noord-Holland) (4.8966,52.3767)
1012*MD*4.8959*52.3761*Amsterdam (Noord-Holland) (4.8959,52.3761)
1012*ME*4.895*52.3755*Amsterdam (Noord-Holland) (4.895,52.3755)
1012*MG*4.8946*52.3749*Amsterdam (Noord-Holland) (4.8946,52.3749)
1012*MH*4.8932*52.374*Amsterdam (Noord-Holland) (4.8932,52.374)
1012*MJ*4.8965*52.3777*Amsterdam (Noord-Holland) (4.8965,52.3777)
1012*MK*4.8948*52.3787*Amsterdam (Noord-Holland) (4.8948,52.3787)
1012*ML*4.8953*52.3782*Amsterdam (Noord-Holland) (4.8953,52.3782)
1012*MN*4.8957*52.378*Amsterdam (Noord-Holland) (4.8957,52.378)
1012*MP*4.8964*52.3773*Amsterdam (Noord-Holland) (4.8964,52.3773)
1012*MR*4.8963*52.3767*Amsterdam (Noord-Holland) (4.8963,52.3767)
1012*MS*4.8951*52.3758*Amsterdam (Noord-Holland) (4.8951,52.3758)
1012*MT*4.8943*52.3751*Amsterdam (Noord-Holland) (4.8943,52.3751)
1012*MV*4.8936*52.3746*Amsterdam (Noord-Holland) (4.8936,52.3746)
1012*MX*4.8928*52.3739*Amsterdam (Noord-Holland) (4.8928,52.3739)
1012*MZ*4.8946*52.3786*Amsterdam (Noord-Holland) (4.8946,52.3786)
1012*NA*4.8951*52.3782*Amsterdam (Noord-Holland) (4.8951,52.3782)
1012*NB*4.8961*52.3771*Amsterdam (Noord-Holland) (4.8961,52.3771)
1012*NC*4.8953*52.3765*Amsterdam (Noord-Holland) (4.8953,52.3765)
1012*ND*4.8952*52.3764*Amsterdam (Noord-Holland) (4.8952,52.3764)
1012*NE*4.8941*52.3758*Amsterdam (Noord-Holland) (4.8941,52.3758)
1012*NG*4.8933*52.3753*Amsterdam (Noord-Holland) (4.8933,52.3753)
1012*NH*4.8941*52.3754*Amsterdam (Noord-Holland) (4.8941,52.3754)
1012*NJ*4.8926*52.3748*Amsterdam (Noord-Holland) (4.8926,52.3748)
1012*NK*4.8928*52.3749*Amsterdam (Noord-Holland) (4.8928,52.3749)
1012*NL*4.8926*52.3742*Amsterdam (Noord-Holland) (4.8926,52.3742)
1012*NM*4.8922*52.3743*Amsterdam (Noord-Holland) (4.8922,52.3743)
1012*NN*4.8925*52.3739*Amsterdam (Noord-Holland) (4.8925,52.3739)
1012*NP*4.8924*52.3733*Amsterdam (Noord-Holland) (4.8924,52.3733)
