ffmpeg.exe -hide_banner -f rawvideo -vcodec rawvideo -pix_fmt rgb24 -s 1920x1080 -r 60 -i - -an -c:v h264_nvenc -profile:v high -pix_fmt yuv420p -b:v 10M -bufsize 30M -bf:v 3 -preset slow -rc:v vbr_hq -rc-lookahead 32 ../record/output1621324425.mp4
ffmpeg.exe -hide_banner -f rawvideo -vcodec rawvideo -pix_fmt rgb24 -s 1920x1080 -r 60 -i - -an -c:v h264_nvenc -profile:v high -pix_fmt yuv420p -b:v 10M -bufsize 30M -bf:v 3 -preset slow -rc:v vbr_hq -rc-lookahead 32 ../record/output1621429946.mp4
ffmpeg.exe -hide_banner -f rawvideo -vcodec rawvideo -pix_fmt rgb24 -s 1920x1080 -r 60 -i - -an -c:v h264_nvenc -profile:v high -pix_fmt yuv420p -b:v 10M -bufsize 30M -bf:v 3 -preset slow -rc:v vbr_hq -rc-lookahead 32 ../record/output1621435562.mp4
ffmpeg.exe -hide_banner -f rawvideo -vcodec rawvideo -pix_fmt rgb24 -s 1920x1080 -r 60 -i - -an -c:v h264_nvenc -profile:v high -pix_fmt yuv420p -b:v 10M -bufsize 30M -bf:v 3 -preset slow -rc:v vbr_hq -rc-lookahead 32 ../record/output1621435852.mp4
ffmpeg.exe -hide_banner -f rawvideo -vcodec rawvideo -pix_fmt rgb24 -s 1920x1080 -r 60 -i - -an -c:v h264_nvenc -profile:v high -pix_fmt yuv420p -b:v 10M -bufsize 30M -bf:v 3 -preset slow -rc:v vbr_hq -rc-lookahead 32 ../record/output1621435869.mp4
ffmpeg.exe -hide_banner -f rawvideo -vcodec rawvideo -pix_fmt rgb24 -s 1920x1080 -r 60 -i - -an -c:v h264_nvenc -profile:v high -pix_fmt yuv420p -b:v 10M -bufsize 30M -bf:v 3 -preset slow -rc:v vbr_hq -rc-lookahead 32 ../record/output1621435882.mp4
ffmpeg.exe -hide_banner -f rawvideo -vcodec rawvideo -pix_fmt rgb24 -s 1920x1080 -r 60 -i - -an -c:v h264_nvenc -profile:v high -pix_fmt yuv420p -b:v 10M -bufsize 30M -bf:v 3 -preset slow -rc:v vbr_hq -rc-lookahead 32 ../record/output1621436000.mp4
ffmpeg.exe -hide_banner -f rawvideo -vcodec rawvideo -pix_fmt rgb24 -s 1920x1080 -r 60 -i - -an -c:v h264_nvenc -profile:v high -pix_fmt yuv420p -b:v 10M -bufsize 30M -bf:v 3 -preset slow -rc:v vbr_hq -rc-lookahead 32 ../record/output1621440708.mp4
ffmpeg.exe -hide_banner -f rawvideo -vcodec rawvideo -pix_fmt rgb24 -s 1920x1080 -r 60 -i - -an -c:v h264_nvenc -profile:v high -pix_fmt yuv420p -b:v 10M -bufsize 30M -bf:v 3 -preset slow -rc:v vbr_hq -rc-lookahead 32 ../record/output1621441858.mp4
ffmpeg.exe -hide_banner -f rawvideo -vcodec rawvideo -pix_fmt rgb24 -s 1920x1080 -r 60 -i - -an -c:v h264_nvenc -profile:v high -pix_fmt yuv420p -b:v 10M -bufsize 30M -bf:v 3 -preset slow -rc:v vbr_hq -rc-lookahead 32 ../record/output1621443667.mp4
ffmpeg.exe -hide_banner -f rawvideo -vcodec rawvideo -pix_fmt rgb24 -s 1920x1080 -r 60 -i - -an -c:v h264_nvenc -profile:v high -pix_fmt yuv420p -b:v 10M -bufsize 30M -bf:v 3 -preset slow -rc:v vbr_hq -rc-lookahead 32 ../record/output1621443728.mp4
ffmpeg.exe -hide_banner -f rawvideo -vcodec rawvideo -pix_fmt rgb24 -s 1920x1080 -r 60 -i - -an -c:v h264_nvenc -profile:v high -pix_fmt yuv420p -b:v 10M -bufsize 30M -bf:v 3 -preset slow -rc:v vbr_hq -rc-lookahead 32 ../record/output1621444365.mp4
ffmpeg.exe -hide_banner -f rawvideo -vcodec rawvideo -pix_fmt rgb24 -s 1920x1080 -r 60 -i - -an -c:v h264_nvenc -profile:v high -pix_fmt yuv420p -b:v 10M -bufsize 30M -bf:v 3 -preset slow -rc:v vbr_hq -rc-lookahead 32 ../record/output1621444454.mp4
ffmpeg.exe -hide_banner -f rawvideo -vcodec rawvideo -pix_fmt rgb24 -s 1920x1080 -r 60 -i - -an -c:v h264_nvenc -profile:v high -pix_fmt yuv420p -b:v 10M -bufsize 30M -bf:v 3 -preset slow -rc:v vbr_hq -rc-lookahead 32 ../record/output1621444484.mp4
ffmpeg.exe -hide_banner -f rawvideo -vcodec rawvideo -pix_fmt rgb24 -s 1920x1080 -r 60 -i - -an -c:v h264_nvenc -profile:v high -pix_fmt yuv420p -b:v 10M -bufsize 30M -bf:v 3 -preset slow -rc:v vbr_hq -rc-lookahead 32 ../record/output1621444585.mp4
ffmpeg.exe -hide_banner -f rawvideo -vcodec rawvideo -pix_fmt rgb24 -s 1920x1080 -r 60 -i - -an -c:v h264_nvenc -profile:v high -pix_fmt yuv420p -b:v 10M -bufsize 30M -bf:v 3 -preset slow -rc:v vbr_hq -rc-lookahead 32 ../record/output1621446121.mp4
ffmpeg.exe -hide_banner -f rawvideo -vcodec rawvideo -pix_fmt rgb24 -s 1920x1080 -r 60 -i - -an -c:v h264_nvenc -profile:v high -pix_fmt yuv420p -b:v 10M -bufsize 30M -bf:v 3 -preset slow -rc:v vbr_hq -rc-lookahead 32 ../record/output1621453292.mp4
ffmpeg.exe -hide_banner -f rawvideo -vcodec rawvideo -pix_fmt rgb24 -s 1920x1080 -r 60 -i - -an -c:v h264_nvenc -profile:v high -pix_fmt yuv420p -b:v 10M -bufsize 30M -bf:v 3 -preset slow -rc:v vbr_hq -rc-lookahead 32 ../record/output1621453400.mp4
ffmpeg.exe -hide_banner -f rawvideo -vcodec rawvideo -pix_fmt rgb24 -s 1920x1080 -r 60 -i - -an -c:v h264_nvenc -profile:v high -pix_fmt yuv420p -b:v 10M -bufsize 30M -bf:v 3 -preset slow -rc:v vbr_hq -rc-lookahead 32 ../record/output1621518656.mp4
ffmpeg.exe -hide_banner -f rawvideo -vcodec rawvideo -pix_fmt rgb24 -s 1920x1080 -r 60 -i - -an -c:v h264_nvenc -profile:v high -pix_fmt yuv420p -b:v 10M -bufsize 30M -bf:v 3 -preset slow -rc:v vbr_hq -rc-lookahead 32 ../record/output1621518776.mp4
ffmpeg.exe -hide_banner -f rawvideo -vcodec rawvideo -pix_fmt rgb24 -s 1920x1080 -r 60 -i - -an -c:v h264_nvenc -profile:v high -pix_fmt yuv420p -b:v 10M -bufsize 30M -bf:v 3 -preset slow -rc:v vbr_hq -rc-lookahead 32 ../record/output1621518824.mp4
ffprobe.exe -v error -select_streams v:0 -show_entries stream=width,height,r_frame_rate -of default=nw=1 "../convert/files/■ Belangrijke getuigenis van professor Mc Cullough, een van de meest publicerende Medical experts in-tyP73nSOpf4.f242.webm"
ffprobe.exe -v error -select_streams a:0 -show_entries stream=sample_rate,channels -of default=nw=1 "../convert/files/■ Belangrijke getuigenis van professor Mc Cullough, een van de meest publicerende Medical experts in-tyP73nSOpf4.f140.m4a"
ffprobe.exe -v error -select_streams v:0 -show_entries stream=width,height,r_frame_rate -of default=nw=1 "../convert/files/■ Belangrijke getuigenis van professor Mc Cullough, een van de meest publicerende Medical experts in-tyP73nSOpf4.f242.webm"
ffmpeg.exe -v 0 -hide_banner -i "../convert/files/■ Belangrijke getuigenis van professor Mc Cullough, een van de meest publicerende Medical experts in-tyP73nSOpf4.f242.webm" -vf "scale=1920:1080:force_original_aspect_ratio=decrease,pad=1920:1080:-1:-1:color=black,subtitles=f='../convert/files/■ Belangrijke getuigenis van professor Mc Cullough, een van de meest publicerende Medical experts in-tyP73nSOpf4.en.srt.fixed':force_style='FontName=Arial,FontSize=32,BackColour=&H70000000,BorderStyle=4,Shadow=1'" -c:s mov_text -f image2pipe -vcodec rawvideo -pix_fmt rgba -
ffmpeg.exe -hide_banner -f rawvideo -vcodec rawvideo -pix_fmt rgb24 -s 1920x1080 -framerate 30/1 -i - -i "../convert/files/■ Belangrijke getuigenis van professor Mc Cullough, een van de meest publicerende Medical experts in-tyP73nSOpf4.f140.m4a" -map 0:v:0 -map 1:a:0 -strict -2 -shortest -c:v h264_nvenc -profile:v high -pix_fmt yuv420p -bufsize 20M -bf:v 3 -preset slow -rc:v vbr_hq -rc-lookahead 32  -c:a aac -b:a 96k "../record/■ Belangrijke getuigenis van professor Mc Cullough, een van de meest publicerende Medical experts in-tyP73nSOpf4.en.PART1621520597.mp4"
ffprobe.exe -v error -select_streams v:0 -show_entries stream=width,height,r_frame_rate -of default=nw=1 "../convert/files/On Bullshit-oLXioQvGihg.f242.webm"
ffprobe.exe -v error -select_streams a:0 -show_entries stream=sample_rate,channels -of default=nw=1 "../convert/files/On Bullshit-oLXioQvGihg.f251.webm"
ffprobe.exe -v error -select_streams v:0 -show_entries stream=width,height,r_frame_rate -of default=nw=1 "../convert/files/On Bullshit-oLXioQvGihg.f242.webm"
ffmpeg.exe -v 0 -hide_banner -i "../convert/files/On Bullshit-oLXioQvGihg.f242.webm" -vf "scale=1920:1080:force_original_aspect_ratio=decrease,pad=1920:1080:-1:-1:color=black,subtitles=f='../convert/files/On Bullshit-oLXioQvGihg.en.srt.fixed':force_style='FontName=Arial,FontSize=32,BackColour=&H70000000,BorderStyle=4,Shadow=1'" -c:s mov_text -f image2pipe -vcodec rawvideo -pix_fmt rgba -
ffmpeg.exe -hide_banner -f rawvideo -vcodec rawvideo -pix_fmt rgb24 -s 1920x1080 -framerate 25/1 -i - -i "../convert/files/On Bullshit-oLXioQvGihg.f251.webm" -map 0:v:0 -map 1:a:0 -strict -2 -shortest -c:v h264_nvenc -profile:v high -pix_fmt yuv420p -bufsize 20M -bf:v 3 -preset slow -rc:v vbr_hq -rc-lookahead 32  -c:a aac -b:a 96k "../record/On Bullshit-oLXioQvGihg.en.PART1621521095.mp4"
ffmpeg.exe -hide_banner -f rawvideo -vcodec rawvideo -pix_fmt rgb24 -s 1920x1080 -r 60 -i - -an -c:v h264_nvenc -profile:v high -pix_fmt yuv420p -b:v 10M -bufsize 30M -bf:v 3 -preset slow -rc:v vbr_hq -rc-lookahead 32 ../record/output1621530426.mp4
ffmpeg.exe -hide_banner -f rawvideo -vcodec rawvideo -pix_fmt rgb24 -s 1920x1080 -r 60 -i - -an -c:v h264_nvenc -profile:v high -pix_fmt yuv420p -b:v 10M -bufsize 30M -bf:v 3 -preset slow -rc:v vbr_hq -rc-lookahead 32 ../record/output1621533174.mp4
ffmpeg.exe -hide_banner -f rawvideo -vcodec rawvideo -pix_fmt rgb24 -s 1920x1080 -r 60 -i - -an -c:v h264_nvenc -profile:v high -pix_fmt yuv420p -b:v 10M -bufsize 30M -bf:v 3 -preset slow -rc:v vbr_hq -rc-lookahead 32 ../record/output1621533313.mp4
ffmpeg.exe -hide_banner -f rawvideo -vcodec rawvideo -pix_fmt rgb24 -s 1920x1080 -r 60 -i - -an -c:v h264_nvenc -profile:v high -pix_fmt yuv420p -b:v 10M -bufsize 30M -bf:v 3 -preset slow -rc:v vbr_hq -rc-lookahead 32 ../record/output1621540126.mp4
ffmpeg.exe -hide_banner -f rawvideo -vcodec rawvideo -pix_fmt rgb24 -s 1920x1080 -r 60 -i - -an -c:v h264_nvenc -profile:v high -pix_fmt yuv420p -b:v 10M -bufsize 30M -bf:v 3 -preset slow -rc:v vbr_hq -rc-lookahead 32 ../record/output1621543145.mp4
ffmpeg.exe -hide_banner -f rawvideo -vcodec rawvideo -pix_fmt rgb24 -s 1920x1080 -r 60 -i - -an -c:v h264_nvenc -profile:v high -pix_fmt yuv420p -b:v 10M -bufsize 30M -bf:v 3 -preset slow -rc:v vbr_hq -rc-lookahead 32 ../record/output1621545428.mp4
ffmpeg.exe -hide_banner -f rawvideo -vcodec rawvideo -pix_fmt rgb24 -s 1920x1080 -r 60 -i - -an -c:v h264_nvenc -profile:v high -pix_fmt yuv420p -b:v 10M -bufsize 30M -bf:v 3 -preset slow -rc:v vbr_hq -rc-lookahead 32 ../record/output1621548166.mp4
ffmpeg.exe -hide_banner -f rawvideo -vcodec rawvideo -pix_fmt rgb24 -s 1920x1080 -r 60 -i - -an -c:v h264_nvenc -profile:v high -pix_fmt yuv420p -b:v 10M -bufsize 30M -bf:v 3 -preset slow -rc:v vbr_hq -rc-lookahead 32 ../record/output1621555664.mp4
ffmpeg.exe -hide_banner -f rawvideo -vcodec rawvideo -pix_fmt rgb24 -s 1920x1080 -r 60 -i - -an -c:v h264_nvenc -profile:v high -pix_fmt yuv420p -b:v 10M -bufsize 30M -bf:v 3 -preset slow -rc:v vbr_hq -rc-lookahead 32 ../record/output1621556112.mp4
ffmpeg.exe -hide_banner -f rawvideo -vcodec rawvideo -pix_fmt rgb24 -s 1920x1080 -r 60 -i - -an -c:v h264_nvenc -profile:v high -pix_fmt yuv420p -b:v 10M -bufsize 30M -bf:v 3 -preset slow -rc:v vbr_hq -rc-lookahead 32 ../record/output1621559675.mp4
ffprobe.exe -v error -select_streams v:0 -show_entries stream=width,height,r_frame_rate -of default=nw=1 "../convert/files/A Coming Covid Catastrophe by Geert Vanden Bossche via The Highwire with Del Bigtree-fkSZj-rzBWI.f135.mp4"
ffprobe.exe -v error -select_streams a:0 -show_entries stream=sample_rate,channels -of default=nw=1 "../convert/files/A Coming Covid Catastrophe by Geert Vanden Bossche via The Highwire with Del Bigtree-fkSZj-rzBWI.f251.webm"
ffprobe.exe -v error -select_streams v:0 -show_entries stream=width,height,r_frame_rate -of default=nw=1 "../convert/files/A Coming Covid Catastrophe by Geert Vanden Bossche via The Highwire with Del Bigtree-fkSZj-rzBWI.f135.mp4"
ffmpeg.exe -v 0 -hide_banner -i "../convert/files/A Coming Covid Catastrophe by Geert Vanden Bossche via The Highwire with Del Bigtree-fkSZj-rzBWI.f135.mp4" -vf "scale=1920:1080:force_original_aspect_ratio=decrease,pad=1920:1080:-1:-1:color=black,subtitles=f='../convert/files/A Coming Covid Catastrophe by Geert Vanden Bossche via The Highwire with Del Bigtree-fkSZj-rzBWI.nl.srt.fixed':force_style='FontName=Arial,FontSize=32,BackColour=&H70000000,BorderStyle=4,Shadow=1'" -c:s mov_text -f image2pipe -vcodec rawvideo -pix_fmt rgba -
ffmpeg.exe -hide_banner -f rawvideo -vcodec rawvideo -pix_fmt rgb24 -s 1920x1080 -framerate 15000/1001 -i - -i "../convert/files/A Coming Covid Catastrophe by Geert Vanden Bossche via The Highwire with Del Bigtree-fkSZj-rzBWI.f251.webm" -map 0:v:0 -map 1:a:0 -strict -2 -shortest -c:v h264_nvenc -profile:v high -pix_fmt yuv420p -bufsize 20M -bf:v 3 -preset slow -rc:v vbr_hq -rc-lookahead 32  -c:a aac -b:a 96k "../record/A Coming Covid Catastrophe by Geert Vanden Bossche via The Highwire with Del Bigtree-fkSZj-rzBWI.nl.PART1621590607.mp4"
ffmpeg.exe -hide_banner -f rawvideo -vcodec rawvideo -pix_fmt rgb24 -s 1920x1080 -r 60 -i - -an -c:v h264_nvenc -profile:v high -pix_fmt yuv420p -b:v 10M -bufsize 30M -bf:v 3 -preset slow -rc:v vbr_hq -rc-lookahead 32 ../record/output1621638490.mp4
ffmpeg.exe -hide_banner -f rawvideo -vcodec rawvideo -pix_fmt rgb24 -s 1920x1080 -r 60 -i - -an -c:v h264_nvenc -profile:v high -pix_fmt yuv420p -b:v 10M -bufsize 30M -bf:v 3 -preset slow -rc:v vbr_hq -rc-lookahead 32 ../record/output1621886877.mp4
